[35m[Appium][39m Welcome to Appium v1.22.0
[35m[Appium][39m Non-default server args:
[35m[Appium][39m   port: 50013
[35m[Appium][39m   loglevel: info
[35m[Appium][39m   tmpDir: /var/folders/5k/yfqkm2nj17l9q47q322x5sq80000gn/T//Katalon/Appium/Temp1640578839158
[35m[Appium][39m   chromedriverPort: 50014
[35m[Appium][39m Deprecated server args:
[35m[Appium][39m   [31m--chromedriver-port[39m => --default-capabilities
[35m[Appium][39m Default capabilities, which will be added to each request unless overridden by desired capabilities:
[35m[Appium][39m   chromedriverPort: 50014
[35m[Appium][39m Appium REST http interface listener started on 0.0.0.0:50013
[35m[HTTP][39m [37m-->[39m [37mGET[39m [37m/wd/hub/status[39m
[35m[HTTP][39m [90m{}[39m
[35m[HTTP][39m [37m<-- GET /wd/hub/status [39m[32m200[39m [90m3 ms - 68[39m
[35m[HTTP][39m [90m[39m
[35m[HTTP][39m [37m-->[39m [37mGET[39m [37m/wd/hub/status[39m
[35m[HTTP][39m [90m{}[39m
[35m[HTTP][39m [37m<-- GET /wd/hub/status [39m[32m200[39m [90m1 ms - 68[39m
[35m[HTTP][39m [90m[39m
[35m[HTTP][39m [37m-->[39m [37mPOST[39m [37m/wd/hub/session[39m
[35m[HTTP][39m [90m{"desiredCapabilities":{"app":"/Users/kb-fmf-kpm/Downloads/FINAL PROJECTS/MOBILE/app-debug.apk","noReset":true,"deviceName":"samsung SM-G770F (Android 10)","fullReset":false,"platform":"ANDROID","newCommandTimeout":1800,"platformVersion":"10","automationName":"uiautomator2","autoGrantPermissions":true,"platformName":"Android","udid":"RR8N204HASH","systemPort":50022},"capabilities":{"firstMatch":[{"appium:app":"/Users/kb-fmf-kpm/Downloads/FINAL PROJECTS/MOBILE/app-debug.apk","appium:autoGrantPermissions":true,"appium:automationName":"uiautomator2","appium:deviceName":"samsung SM-G770F (Android 10)","appium:fullReset":false,"appium:newCommandTimeout":1800,"appium:noReset":true,"platform":"ANDROID","platformName":"android","appium:platformVersion":"10","appium:systemPort":50022,"appium:udid":"RR8N204HASH"}]}}[39m
[35m[BaseDriver][39m The following capabilities are not standard capabilities and should have an extension prefix:
[35m[BaseDriver][39m   platform
[35m[BaseDriver][39m   chromedriverPort
[35m[Appium][39m Appium v1.22.0 creating new AndroidUiautomator2Driver (v1.69.0) session
[35m[BaseDriver][39m The following capabilities were provided, but are not recognized by Appium:
[35m[BaseDriver][39m   platform
[35m[BaseDriver][39m Session created with session id: 61df2828-5c3e-41b2-8bd4-f92dde954e7e
[35m[BaseDriver][39m Using local app '/Users/kb-fmf-kpm/Downloads/FINAL PROJECTS/MOBILE/app-debug.apk'
[35m[ADB][39m Found 1 'build-tools' folders under '/Users/kb-fmf-kpm/.katalon/tools/android_sdk' (newest first):
[35m[ADB][39m     /Users/kb-fmf-kpm/.katalon/tools/android_sdk/build-tools/29.0.3
[35m[ADB][39m Using 'adb' from '/Users/kb-fmf-kpm/.katalon/tools/android_sdk/platform-tools/adb'
[35m[AndroidDriver][39m Retrieving device list
[35m[AndroidDriver][39m Using device: RR8N204HASH
[35m[ADB][39m Using 'adb' from '/Users/kb-fmf-kpm/.katalon/tools/android_sdk/platform-tools/adb'
[35m[ADB][39m Getting device platform version
[35m[UiAutomator2][39m Relaxing hidden api policy
[35m[ADB][39m Package name: 'com.example.mikebanks.bankscorpfinancial'
[35m[ADB][39m Main activity name: 'com.example.mikebanks.bankscorpfinancial.LaunchActivity'
[35m[ADB][39m Using 'apksigner.jar' from '/Users/kb-fmf-kpm/.katalon/tools/android_sdk/build-tools/29.0.3/lib/apksigner.jar'
[35m[ADB][39m '/opt/homebrew/lib/node_modules/appium/node_modules/appium-uiautomator2-server/apks/appium-uiautomator2-server-v4.24.0.apk' is signed with the default certificate
[35m[ADB][39m '/opt/homebrew/lib/node_modules/appium/node_modules/appium-uiautomator2-server/apks/appium-uiautomator2-server-debug-androidTest.apk' is signed with the default certificate
[35m[UiAutomator2][39m Server packages are not going to be (re)installed
[35m[ADB][39m Adding packages ["io.appium.settings","io.appium.uiautomator2.server","io.appium.uiautomator2.server.test"] to Doze whitelist
[35m[ADB][39m '/Users/kb-fmf-kpm/Downloads/FINAL PROJECTS/MOBILE/app-debug.apk' is signed with a non-default certificate
[35m[ADB][39m The application at '/Users/kb-fmf-kpm/Downloads/FINAL PROJECTS/MOBILE/app-debug.apk' will not be cached, because the device under test has confirmed the support of streamed installs
[35m[ADB][39m The installation of 'app-debug.apk' took 2230ms
[35m[UiAutomator2][39m Starting UIAutomator2 server 4.24.0
[35m[UiAutomator2][39m Using UIAutomator2 server from '/opt/homebrew/lib/node_modules/appium/node_modules/appium-uiautomator2-server/apks/appium-uiautomator2-server-v4.24.0.apk' and test from '/opt/homebrew/lib/node_modules/appium/node_modules/appium-uiautomator2-server/apks/appium-uiautomator2-server-debug-androidTest.apk'
[35m[UiAutomator2][39m Waiting up to 30000ms for UiAutomator2 to be online...
[35m[WD Proxy][39m socket hang up
[35m[WD Proxy][39m socket hang up
[35m[WD Proxy][39m socket hang up
[35m[WD Proxy][39m Determined the downstream protocol as 'W3C'
[35m[AndroidDriver][39m Screen already unlocked, doing nothing
[35m[UiAutomator2][39m Starting 'com.example.mikebanks.bankscorpfinancial/com.example.mikebanks.bankscorpfinancial.LaunchActivity and waiting for 'com.example.mikebanks.bankscorpfinancial/com.example.mikebanks.bankscorpfinancial.LaunchActivity'
[35m[Appium][39m New AndroidUiautomator2Driver session created successfully, session 61df2828-5c3e-41b2-8bd4-f92dde954e7e added to master session list
[35m[HTTP][39m [37m<-- POST /wd/hub/session [39m[32m200[39m [90m10363 ms - 1302[39m
[35m[HTTP][39m [90m[39m
[35m[HTTP][39m [37m-->[39m [37mGET[39m [37m/wd/hub/session/61df2828-5c3e-41b2-8bd4-f92dde954e7e[39m
[35m[HTTP][39m [90m{}[39m
[35m[HTTP][39m [37m<-- GET /wd/hub/session/61df2828-5c3e-41b2-8bd4-f92dde954e7e [39m[32m200[39m [90m8 ms - 1256[39m
[35m[HTTP][39m [90m[39m
[35m[HTTP][39m [37m-->[39m [37mGET[39m [37m/wd/hub/session/61df2828-5c3e-41b2-8bd4-f92dde954e7e[39m
[35m[HTTP][39m [90m{}[39m
[35m[HTTP][39m [37m<-- GET /wd/hub/session/61df2828-5c3e-41b2-8bd4-f92dde954e7e [39m[32m200[39m [90m6 ms - 1256[39m
[35m[HTTP][39m [90m[39m
[35m[HTTP][39m [37m-->[39m [37mGET[39m [37m/wd/hub/status[39m
[35m[HTTP][39m [90m{}[39m
[35m[HTTP][39m [37m<-- GET /wd/hub/status [39m[32m200[39m [90m0 ms - 68[39m
[35m[HTTP][39m [90m[39m
[35m[HTTP][39m [37m-->[39m [37mPOST[39m [37m/wd/hub/session/61df2828-5c3e-41b2-8bd4-f92dde954e7e/timeouts[39m
[35m[HTTP][39m [90m{"implicit":60000}[39m
[35m[HTTP][39m [37m<-- POST /wd/hub/session/61df2828-5c3e-41b2-8bd4-f92dde954e7e/timeouts [39m[32m200[39m [90m1 ms - 14[39m
[35m[HTTP][39m [90m[39m
[35m[HTTP][39m [37m-->[39m [37mGET[39m [37m/wd/hub/session/61df2828-5c3e-41b2-8bd4-f92dde954e7e/source[39m
[35m[HTTP][39m [90m{}[39m
[35m[W3C (61df2828)][39m Driver proxy active, passing request on via HTTP proxy
[35m[WD Proxy][39m Replacing sessionId a5848c2d-dacf-43a9-a0c7-7734037c50ca with 61df2828-5c3e-41b2-8bd4-f92dde954e7e
[35m[HTTP][39m [37m<-- GET /wd/hub/session/61df2828-5c3e-41b2-8bd4-f92dde954e7e/source [39m[32m200[39m [90m326 ms - 10625[39m
[35m[HTTP][39m [90m[39m
[35m[HTTP][39m [37m-->[39m [37mGET[39m [37m/wd/hub/session/61df2828-5c3e-41b2-8bd4-f92dde954e7e/screenshot[39m
[35m[HTTP][39m [90m{}[39m
[35m[HTTP][39m [37m<-- GET /wd/hub/session/61df2828-5c3e-41b2-8bd4-f92dde954e7e/screenshot [39m[32m200[39m [90m343 ms - 107792[39m
[35m[HTTP][39m [90m[39m
[35m[HTTP][39m [37m-->[39m [37mDELETE[39m [37m/wd/hub/session/61df2828-5c3e-41b2-8bd4-f92dde954e7e[39m
[35m[HTTP][39m [90m{}[39m
[35m[Appium][39m Removing session 61df2828-5c3e-41b2-8bd4-f92dde954e7e from our master session list
[35m[UiAutomator2][39m Restoring hidden api policy to the device default configuration
[35m[HTTP][39m [37m<-- DELETE /wd/hub/session/61df2828-5c3e-41b2-8bd4-f92dde954e7e [39m[32m200[39m [90m417 ms - 14[39m
[35m[HTTP][39m [90m[39m
